[2022-03-13 07:07:36 : INFO] - Could not find file for image: ID=16, file=C:\laragon\www\hmts-wp/wp-content/uploads/woocommerce-placeholder.png 
[2022-03-13 07:07:36 : INFO] - Could not find file for image: ID=1181, file=C:\laragon\www\hmts-wp/wp-content/uploads/2021/07/image-13.jpg 
[2022-03-13 07:07:36 : INFO] - Could not find file for image: ID=1180, file=C:\laragon\www\hmts-wp/wp-content/uploads/2021/07/image-14.jpg 
[2022-03-13 07:07:36 : INFO] - Could not find file for image: ID=1179, file=C:\laragon\www\hmts-wp/wp-content/uploads/2021/07/image-11.jpg 
[2022-03-13 07:07:36 : INFO] - Could not find file for image: ID=1178, file=C:\laragon\www\hmts-wp/wp-content/uploads/2021/07/image-12.jpg 
[2022-03-13 07:07:36 : INFO] - Could not find file for image: ID=1166, file=C:\laragon\www\hmts-wp/wp-content/uploads/2021/07/bg-5.jpg 
[2022-03-13 07:07:36 : INFO] - Could not find file for image: ID=976, file=C:\laragon\www\hmts-wp/wp-content/uploads/2021/06/image-9.jpg 
[2022-03-13 07:07:36 : INFO] - Could not find file for image: ID=975, file=C:\laragon\www\hmts-wp/wp-content/uploads/2021/06/image-10.jpg 
[2022-03-13 07:07:36 : INFO] - Could not find file for image: ID=972, file=C:\laragon\www\hmts-wp/wp-content/uploads/2021/06/image-8.jpg 
[2022-03-13 07:07:36 : INFO] - Could not find file for image: ID=932, file=C:\laragon\www\hmts-wp/wp-content/uploads/2021/06/image-7.jpg 
[2022-03-13 07:07:36 : INFO] - Could not find file for image: ID=931, file=C:\laragon\www\hmts-wp/wp-content/uploads/2021/06/image-6.jpg 
[2022-03-13 07:07:36 : INFO] - Could not find file for image: ID=922, file=C:\laragon\www\hmts-wp/wp-content/uploads/2021/06/video-1.jpg 
[2022-03-13 07:07:36 : INFO] - Could not find file for image: ID=920, file=C:\laragon\www\hmts-wp/wp-content/uploads/2021/06/image-5.jpg 
[2022-03-13 07:07:36 : INFO] - Could not find file for image: ID=919, file=C:\laragon\www\hmts-wp/wp-content/uploads/2021/06/image-4.jpg 
[2022-03-13 07:07:36 : INFO] - Could not find file for image: ID=914, file=C:\laragon\www\hmts-wp/wp-content/uploads/2021/06/image-3.jpg 
[2022-03-13 07:07:36 : INFO] - Could not find file for image: ID=907, file=C:\laragon\www\hmts-wp/wp-content/uploads/2021/06/cat-4.jpg 
[2022-03-13 07:07:36 : INFO] - Could not find file for image: ID=906, file=C:\laragon\www\hmts-wp/wp-content/uploads/2021/06/cat-5.jpg 
[2022-03-13 07:07:36 : INFO] - Could not find file for image: ID=905, file=C:\laragon\www\hmts-wp/wp-content/uploads/2021/06/cat-2.jpg 
[2022-03-13 07:07:36 : INFO] - Could not find file for image: ID=904, file=C:\laragon\www\hmts-wp/wp-content/uploads/2021/06/cat-1.jpg 
[2022-03-13 07:07:36 : INFO] - Could not find file for image: ID=903, file=C:\laragon\www\hmts-wp/wp-content/uploads/2021/06/cat-3.jpg 
[2022-03-13 07:07:36 : INFO] - Could not find file for image: ID=901, file=C:\laragon\www\hmts-wp/wp-content/uploads/2021/06/image-2.jpg 
[2022-03-13 07:07:36 : INFO] - Could not find file for image: ID=900, file=C:\laragon\www\hmts-wp/wp-content/uploads/2021/06/image-1.jpg 
[2022-03-13 07:07:36 : INFO] - Could not find file for image: ID=892, file=C:\laragon\www\hmts-wp/wp-content/uploads/2021/06/course-1.jpg 
[2022-03-13 07:07:36 : INFO] - Could not find file for image: ID=891, file=C:\laragon\www\hmts-wp/wp-content/uploads/2021/06/course-9.jpg 
[2022-03-13 07:07:36 : INFO] - Could not find file for image: ID=890, file=C:\laragon\www\hmts-wp/wp-content/uploads/2021/06/course-8.jpg 
[2022-03-13 07:07:36 : INFO] - Could not find file for image: ID=889, file=C:\laragon\www\hmts-wp/wp-content/uploads/2021/06/course-7.jpg 
[2022-03-13 07:07:36 : INFO] - Could not find file for image: ID=888, file=C:\laragon\www\hmts-wp/wp-content/uploads/2021/06/course-6.jpg 
[2022-03-13 07:07:36 : INFO] - Could not find file for image: ID=887, file=C:\laragon\www\hmts-wp/wp-content/uploads/2021/06/course-5.jpg 
[2022-03-13 07:07:36 : INFO] - Could not find file for image: ID=886, file=C:\laragon\www\hmts-wp/wp-content/uploads/2021/06/course-4.jpg 
[2022-03-13 07:07:36 : INFO] - Could not find file for image: ID=885, file=C:\laragon\www\hmts-wp/wp-content/uploads/2021/06/course-3.jpg 
[2022-03-13 07:07:36 : INFO] - Could not find file for image: ID=884, file=C:\laragon\www\hmts-wp/wp-content/uploads/2021/06/course-2.jpg 
[2022-03-13 07:07:36 : INFO] - Could not find file for image: ID=832, file=C:\laragon\www\hmts-wp/wp-content/uploads/2021/05/awards-3.jpg 
[2022-03-13 07:07:36 : INFO] - Could not find file for image: ID=831, file=C:\laragon\www\hmts-wp/wp-content/uploads/2021/05/awards-2.jpg 
[2022-03-13 07:07:36 : INFO] - Could not find file for image: ID=830, file=C:\laragon\www\hmts-wp/wp-content/uploads/2021/05/awards-1.jpg 
[2022-03-13 07:07:36 : INFO] - Could not find file for image: ID=829, file=C:\laragon\www\hmts-wp/wp-content/uploads/2021/05/awards-4.jpg 
[2022-03-13 07:07:36 : INFO] - Could not find file for image: ID=826, file=C:\laragon\www\hmts-wp/wp-content/uploads/2021/05/partner-4.jpg 
[2022-03-13 07:07:36 : INFO] - Could not find file for image: ID=825, file=C:\laragon\www\hmts-wp/wp-content/uploads/2021/05/partner-2.jpg 
[2022-03-13 07:07:36 : INFO] - Could not find file for image: ID=824, file=C:\laragon\www\hmts-wp/wp-content/uploads/2021/05/partner-1.jpg 
[2022-03-13 07:07:36 : INFO] - Could not find file for image: ID=823, file=C:\laragon\www\hmts-wp/wp-content/uploads/2021/05/partner-3.jpg 
[2022-03-13 07:07:36 : INFO] - Could not find file for image: ID=820, file=C:\laragon\www\hmts-wp/wp-content/uploads/2021/05/job-5.jpg 
[2022-03-13 07:07:36 : INFO] - Could not find file for image: ID=819, file=C:\laragon\www\hmts-wp/wp-content/uploads/2021/05/job-4.png 
[2022-03-13 07:07:36 : INFO] - Could not find file for image: ID=818, file=C:\laragon\www\hmts-wp/wp-content/uploads/2021/05/job-3.png 
[2022-03-13 07:07:36 : INFO] - Could not find file for image: ID=817, file=C:\laragon\www\hmts-wp/wp-content/uploads/2021/05/job-2.jpg 
[2022-03-13 07:07:36 : INFO] - Could not find file for image: ID=816, file=C:\laragon\www\hmts-wp/wp-content/uploads/2021/05/job-1.jpg 
[2022-03-13 07:07:36 : INFO] - Could not find file for image: ID=679, file=C:\laragon\www\hmts-wp/wp-content/uploads/2021/04/brand-hover-4-2.png 
[2022-03-13 07:07:36 : INFO] - Could not find file for image: ID=678, file=C:\laragon\www\hmts-wp/wp-content/uploads/2021/04/brand-hover-4-1.png 
[2022-03-13 07:07:36 : INFO] - Could not find file for image: ID=677, file=C:\laragon\www\hmts-wp/wp-content/uploads/2021/04/brand-hover-3-2.png 
[2022-03-13 07:07:36 : INFO] - Could not find file for image: ID=670, file=C:\laragon\www\hmts-wp/wp-content/uploads/2021/04/portfolio-8.jpg 
[2022-03-13 07:07:36 : INFO] - Could not find file for image: ID=669, file=C:\laragon\www\hmts-wp/wp-content/uploads/2021/04/portfolio-7.jpg 
[2022-03-13 07:07:36 : INFO] - Could not find file for image: ID=647, file=C:\laragon\www\hmts-wp/wp-content/uploads/2021/04/brand-white.png 
[2022-03-13 07:07:36 : INFO] - Could not find file for image: ID=642, file=C:\laragon\www\hmts-wp/wp-content/uploads/2021/04/portfolio-6.jpg 
[2022-03-13 07:07:36 : INFO] - Could not find file for image: ID=641, file=C:\laragon\www\hmts-wp/wp-content/uploads/2021/04/portfolio-5.jpg 
[2022-03-13 07:07:36 : INFO] - Could not find file for image: ID=640, file=C:\laragon\www\hmts-wp/wp-content/uploads/2021/04/portfolio-4.jpg 
[2022-03-13 07:07:36 : INFO] - Could not find file for image: ID=639, file=C:\laragon\www\hmts-wp/wp-content/uploads/2021/04/portfolio-3.jpg 
[2022-03-13 07:07:36 : INFO] - Could not find file for image: ID=638, file=C:\laragon\www\hmts-wp/wp-content/uploads/2021/04/portfolio-2.jpg 
[2022-03-13 07:07:36 : INFO] - Could not find file for image: ID=637, file=C:\laragon\www\hmts-wp/wp-content/uploads/2021/04/portfolio-1.jpg 
[2022-03-13 07:07:36 : INFO] - Could not find file for image: ID=529, file=C:\laragon\www\hmts-wp/wp-content/uploads/2021/03/product-2.jpg 
[2022-03-13 07:07:36 : INFO] - Could not find file for image: ID=528, file=C:\laragon\www\hmts-wp/wp-content/uploads/2021/03/product-1.jpg 
[2022-03-13 07:07:36 : INFO] - Could not find file for image: ID=527, file=C:\laragon\www\hmts-wp/wp-content/uploads/2021/03/product-9.jpg 
[2022-03-13 07:07:36 : INFO] - Could not find file for image: ID=526, file=C:\laragon\www\hmts-wp/wp-content/uploads/2021/03/product-8.jpg 
[2022-03-13 07:07:36 : INFO] - Could not find file for image: ID=525, file=C:\laragon\www\hmts-wp/wp-content/uploads/2021/03/product-7.jpg 
[2022-03-13 07:07:36 : INFO] - Could not find file for image: ID=524, file=C:\laragon\www\hmts-wp/wp-content/uploads/2021/03/product-6.jpg 
[2022-03-13 07:07:36 : INFO] - Could not find file for image: ID=523, file=C:\laragon\www\hmts-wp/wp-content/uploads/2021/03/product-5.jpg 
[2022-03-13 07:07:36 : INFO] - Could not find file for image: ID=522, file=C:\laragon\www\hmts-wp/wp-content/uploads/2021/03/product-4.jpg 
[2022-03-13 07:07:36 : INFO] - Could not find file for image: ID=521, file=C:\laragon\www\hmts-wp/wp-content/uploads/2021/03/product-3.jpg 
[2022-03-13 07:07:36 : INFO] - Could not find file for image: ID=517, file=C:\laragon\www\hmts-wp/wp-content/uploads/2021/03/event-6.jpg 
[2022-03-13 07:07:36 : INFO] - Could not find file for image: ID=516, file=C:\laragon\www\hmts-wp/wp-content/uploads/2021/03/event-5.jpg 
[2022-03-13 07:07:36 : INFO] - Could not find file for image: ID=514, file=C:\laragon\www\hmts-wp/wp-content/uploads/2021/03/brand.png 
[2022-03-13 07:07:36 : INFO] - Could not find file for image: ID=499, file=C:\laragon\www\hmts-wp/wp-content/uploads/2021/03/team-6.jpg 
[2022-03-13 07:07:36 : INFO] - Could not find file for image: ID=452, file=C:\laragon\www\hmts-wp/wp-content/uploads/2021/03/event-4.jpg 
[2022-03-13 07:07:36 : INFO] - Could not find file for image: ID=451, file=C:\laragon\www\hmts-wp/wp-content/uploads/2021/03/event-3.jpg 
[2022-03-13 07:07:36 : INFO] - Could not find file for image: ID=450, file=C:\laragon\www\hmts-wp/wp-content/uploads/2021/03/event-2.jpg 
[2022-03-13 07:07:36 : INFO] - Could not find file for image: ID=449, file=C:\laragon\www\hmts-wp/wp-content/uploads/2021/03/event-1.jpg 
[2022-03-13 07:07:36 : INFO] - Could not find file for image: ID=419, file=C:\laragon\www\hmts-wp/wp-content/uploads/2021/03/gallery-6.jpg 
[2022-03-13 07:07:36 : INFO] - Could not find file for image: ID=418, file=C:\laragon\www\hmts-wp/wp-content/uploads/2021/03/gallery-5.jpg 
[2022-03-13 07:07:36 : INFO] - Could not find file for image: ID=417, file=C:\laragon\www\hmts-wp/wp-content/uploads/2021/03/gallery-4.jpg 
[2022-03-13 07:07:36 : INFO] - Could not find file for image: ID=416, file=C:\laragon\www\hmts-wp/wp-content/uploads/2021/03/gallery-3.jpg 
[2022-03-13 07:07:36 : INFO] - Could not find file for image: ID=415, file=C:\laragon\www\hmts-wp/wp-content/uploads/2021/03/gallery-2.jpg 
[2022-03-13 07:07:36 : INFO] - Could not find file for image: ID=414, file=C:\laragon\www\hmts-wp/wp-content/uploads/2021/03/gallery-1.jpg 
[2022-03-13 07:08:51 : INFO] - Could not find file for image: ID=16, file=C:\laragon\www\hmts-wp/wp-content/uploads/woocommerce-placeholder.png 
[2022-03-13 07:08:51 : INFO] - Could not find file for image: ID=1181, file=C:\laragon\www\hmts-wp/wp-content/uploads/2021/07/image-13.jpg 
[2022-03-13 07:08:51 : INFO] - Could not find file for image: ID=1180, file=C:\laragon\www\hmts-wp/wp-content/uploads/2021/07/image-14.jpg 
[2022-03-13 07:08:51 : INFO] - Could not find file for image: ID=1179, file=C:\laragon\www\hmts-wp/wp-content/uploads/2021/07/image-11.jpg 
[2022-03-13 07:08:51 : INFO] - Could not find file for image: ID=1178, file=C:\laragon\www\hmts-wp/wp-content/uploads/2021/07/image-12.jpg 
[2022-03-13 07:08:51 : INFO] - Could not find file for image: ID=1166, file=C:\laragon\www\hmts-wp/wp-content/uploads/2021/07/bg-5.jpg 
[2022-03-13 07:08:51 : INFO] - Could not find file for image: ID=976, file=C:\laragon\www\hmts-wp/wp-content/uploads/2021/06/image-9.jpg 
[2022-03-13 07:08:51 : INFO] - Could not find file for image: ID=975, file=C:\laragon\www\hmts-wp/wp-content/uploads/2021/06/image-10.jpg 
[2022-03-13 07:08:51 : INFO] - Could not find file for image: ID=972, file=C:\laragon\www\hmts-wp/wp-content/uploads/2021/06/image-8.jpg 
[2022-03-13 07:08:51 : INFO] - Could not find file for image: ID=932, file=C:\laragon\www\hmts-wp/wp-content/uploads/2021/06/image-7.jpg 
[2022-03-13 07:08:51 : INFO] - Could not find file for image: ID=931, file=C:\laragon\www\hmts-wp/wp-content/uploads/2021/06/image-6.jpg 
[2022-03-13 07:08:51 : INFO] - Could not find file for image: ID=922, file=C:\laragon\www\hmts-wp/wp-content/uploads/2021/06/video-1.jpg 
[2022-03-13 07:08:51 : INFO] - Could not find file for image: ID=920, file=C:\laragon\www\hmts-wp/wp-content/uploads/2021/06/image-5.jpg 
[2022-03-13 07:08:51 : INFO] - Could not find file for image: ID=919, file=C:\laragon\www\hmts-wp/wp-content/uploads/2021/06/image-4.jpg 
[2022-03-13 07:08:51 : INFO] - Could not find file for image: ID=914, file=C:\laragon\www\hmts-wp/wp-content/uploads/2021/06/image-3.jpg 
[2022-03-13 07:08:51 : INFO] - Could not find file for image: ID=907, file=C:\laragon\www\hmts-wp/wp-content/uploads/2021/06/cat-4.jpg 
[2022-03-13 07:08:51 : INFO] - Could not find file for image: ID=906, file=C:\laragon\www\hmts-wp/wp-content/uploads/2021/06/cat-5.jpg 
[2022-03-13 07:08:51 : INFO] - Could not find file for image: ID=905, file=C:\laragon\www\hmts-wp/wp-content/uploads/2021/06/cat-2.jpg 
[2022-03-13 07:08:51 : INFO] - Could not find file for image: ID=904, file=C:\laragon\www\hmts-wp/wp-content/uploads/2021/06/cat-1.jpg 
[2022-03-13 07:08:51 : INFO] - Could not find file for image: ID=903, file=C:\laragon\www\hmts-wp/wp-content/uploads/2021/06/cat-3.jpg 
[2022-03-13 07:08:51 : INFO] - Could not find file for image: ID=901, file=C:\laragon\www\hmts-wp/wp-content/uploads/2021/06/image-2.jpg 
[2022-03-13 07:08:51 : INFO] - Could not find file for image: ID=900, file=C:\laragon\www\hmts-wp/wp-content/uploads/2021/06/image-1.jpg 
[2022-03-13 07:08:51 : INFO] - Could not find file for image: ID=892, file=C:\laragon\www\hmts-wp/wp-content/uploads/2021/06/course-1.jpg 
[2022-03-13 07:08:51 : INFO] - Could not find file for image: ID=891, file=C:\laragon\www\hmts-wp/wp-content/uploads/2021/06/course-9.jpg 
[2022-03-13 07:08:51 : INFO] - Could not find file for image: ID=890, file=C:\laragon\www\hmts-wp/wp-content/uploads/2021/06/course-8.jpg 
[2022-03-13 07:08:51 : INFO] - Could not find file for image: ID=889, file=C:\laragon\www\hmts-wp/wp-content/uploads/2021/06/course-7.jpg 
[2022-03-13 07:08:51 : INFO] - Could not find file for image: ID=888, file=C:\laragon\www\hmts-wp/wp-content/uploads/2021/06/course-6.jpg 
[2022-03-13 07:08:51 : INFO] - Could not find file for image: ID=887, file=C:\laragon\www\hmts-wp/wp-content/uploads/2021/06/course-5.jpg 
[2022-03-13 07:08:51 : INFO] - Could not find file for image: ID=886, file=C:\laragon\www\hmts-wp/wp-content/uploads/2021/06/course-4.jpg 
[2022-03-13 07:08:51 : INFO] - Could not find file for image: ID=885, file=C:\laragon\www\hmts-wp/wp-content/uploads/2021/06/course-3.jpg 
[2022-03-13 07:08:51 : INFO] - Could not find file for image: ID=884, file=C:\laragon\www\hmts-wp/wp-content/uploads/2021/06/course-2.jpg 
[2022-03-13 07:08:51 : INFO] - Could not find file for image: ID=832, file=C:\laragon\www\hmts-wp/wp-content/uploads/2021/05/awards-3.jpg 
[2022-03-13 07:08:51 : INFO] - Could not find file for image: ID=831, file=C:\laragon\www\hmts-wp/wp-content/uploads/2021/05/awards-2.jpg 
[2022-03-13 07:08:51 : INFO] - Could not find file for image: ID=830, file=C:\laragon\www\hmts-wp/wp-content/uploads/2021/05/awards-1.jpg 
[2022-03-13 07:08:51 : INFO] - Could not find file for image: ID=829, file=C:\laragon\www\hmts-wp/wp-content/uploads/2021/05/awards-4.jpg 
[2022-03-13 07:08:51 : INFO] - Could not find file for image: ID=826, file=C:\laragon\www\hmts-wp/wp-content/uploads/2021/05/partner-4.jpg 
[2022-03-13 07:08:51 : INFO] - Could not find file for image: ID=825, file=C:\laragon\www\hmts-wp/wp-content/uploads/2021/05/partner-2.jpg 
[2022-03-13 07:08:51 : INFO] - Could not find file for image: ID=824, file=C:\laragon\www\hmts-wp/wp-content/uploads/2021/05/partner-1.jpg 
[2022-03-13 07:08:51 : INFO] - Could not find file for image: ID=823, file=C:\laragon\www\hmts-wp/wp-content/uploads/2021/05/partner-3.jpg 
[2022-03-13 07:08:51 : INFO] - Could not find file for image: ID=820, file=C:\laragon\www\hmts-wp/wp-content/uploads/2021/05/job-5.jpg 
[2022-03-13 07:08:51 : INFO] - Could not find file for image: ID=819, file=C:\laragon\www\hmts-wp/wp-content/uploads/2021/05/job-4.png 
[2022-03-13 07:08:51 : INFO] - Could not find file for image: ID=818, file=C:\laragon\www\hmts-wp/wp-content/uploads/2021/05/job-3.png 
[2022-03-13 07:08:51 : INFO] - Could not find file for image: ID=817, file=C:\laragon\www\hmts-wp/wp-content/uploads/2021/05/job-2.jpg 
[2022-03-13 07:08:51 : INFO] - Could not find file for image: ID=816, file=C:\laragon\www\hmts-wp/wp-content/uploads/2021/05/job-1.jpg 
[2022-03-13 07:08:51 : INFO] - Could not find file for image: ID=679, file=C:\laragon\www\hmts-wp/wp-content/uploads/2021/04/brand-hover-4-2.png 
[2022-03-13 07:08:51 : INFO] - Could not find file for image: ID=678, file=C:\laragon\www\hmts-wp/wp-content/uploads/2021/04/brand-hover-4-1.png 
[2022-03-13 07:08:51 : INFO] - Could not find file for image: ID=677, file=C:\laragon\www\hmts-wp/wp-content/uploads/2021/04/brand-hover-3-2.png 
[2022-03-13 07:08:51 : INFO] - Could not find file for image: ID=670, file=C:\laragon\www\hmts-wp/wp-content/uploads/2021/04/portfolio-8.jpg 
[2022-03-13 07:08:51 : INFO] - Could not find file for image: ID=669, file=C:\laragon\www\hmts-wp/wp-content/uploads/2021/04/portfolio-7.jpg 
[2022-03-13 07:08:51 : INFO] - Could not find file for image: ID=647, file=C:\laragon\www\hmts-wp/wp-content/uploads/2021/04/brand-white.png 
[2022-03-13 07:08:51 : INFO] - Could not find file for image: ID=642, file=C:\laragon\www\hmts-wp/wp-content/uploads/2021/04/portfolio-6.jpg 
[2022-03-13 07:08:51 : INFO] - Could not find file for image: ID=641, file=C:\laragon\www\hmts-wp/wp-content/uploads/2021/04/portfolio-5.jpg 
[2022-03-13 07:08:51 : INFO] - Could not find file for image: ID=640, file=C:\laragon\www\hmts-wp/wp-content/uploads/2021/04/portfolio-4.jpg 
[2022-03-13 07:08:51 : INFO] - Could not find file for image: ID=639, file=C:\laragon\www\hmts-wp/wp-content/uploads/2021/04/portfolio-3.jpg 
[2022-03-13 07:08:51 : INFO] - Could not find file for image: ID=638, file=C:\laragon\www\hmts-wp/wp-content/uploads/2021/04/portfolio-2.jpg 
[2022-03-13 07:08:51 : INFO] - Could not find file for image: ID=637, file=C:\laragon\www\hmts-wp/wp-content/uploads/2021/04/portfolio-1.jpg 
[2022-03-13 07:08:51 : INFO] - Could not find file for image: ID=529, file=C:\laragon\www\hmts-wp/wp-content/uploads/2021/03/product-2.jpg 
[2022-03-13 07:08:51 : INFO] - Could not find file for image: ID=528, file=C:\laragon\www\hmts-wp/wp-content/uploads/2021/03/product-1.jpg 
[2022-03-13 07:08:51 : INFO] - Could not find file for image: ID=527, file=C:\laragon\www\hmts-wp/wp-content/uploads/2021/03/product-9.jpg 
[2022-03-13 07:08:51 : INFO] - Could not find file for image: ID=526, file=C:\laragon\www\hmts-wp/wp-content/uploads/2021/03/product-8.jpg 
[2022-03-13 07:08:51 : INFO] - Could not find file for image: ID=525, file=C:\laragon\www\hmts-wp/wp-content/uploads/2021/03/product-7.jpg 
[2022-03-13 07:08:51 : INFO] - Could not find file for image: ID=524, file=C:\laragon\www\hmts-wp/wp-content/uploads/2021/03/product-6.jpg 
[2022-03-13 07:08:51 : INFO] - Could not find file for image: ID=523, file=C:\laragon\www\hmts-wp/wp-content/uploads/2021/03/product-5.jpg 
[2022-03-13 07:08:51 : INFO] - Could not find file for image: ID=522, file=C:\laragon\www\hmts-wp/wp-content/uploads/2021/03/product-4.jpg 
[2022-03-13 07:08:51 : INFO] - Could not find file for image: ID=521, file=C:\laragon\www\hmts-wp/wp-content/uploads/2021/03/product-3.jpg 
[2022-03-13 07:08:51 : INFO] - Could not find file for image: ID=517, file=C:\laragon\www\hmts-wp/wp-content/uploads/2021/03/event-6.jpg 
[2022-03-13 07:08:51 : INFO] - Could not find file for image: ID=516, file=C:\laragon\www\hmts-wp/wp-content/uploads/2021/03/event-5.jpg 
[2022-03-13 07:08:51 : INFO] - Could not find file for image: ID=514, file=C:\laragon\www\hmts-wp/wp-content/uploads/2021/03/brand.png 
[2022-03-13 07:08:51 : INFO] - Could not find file for image: ID=499, file=C:\laragon\www\hmts-wp/wp-content/uploads/2021/03/team-6.jpg 
[2022-03-13 07:08:51 : INFO] - Could not find file for image: ID=452, file=C:\laragon\www\hmts-wp/wp-content/uploads/2021/03/event-4.jpg 
[2022-03-13 07:08:51 : INFO] - Could not find file for image: ID=451, file=C:\laragon\www\hmts-wp/wp-content/uploads/2021/03/event-3.jpg 
[2022-03-13 07:08:51 : INFO] - Could not find file for image: ID=450, file=C:\laragon\www\hmts-wp/wp-content/uploads/2021/03/event-2.jpg 
[2022-03-13 07:08:51 : INFO] - Could not find file for image: ID=449, file=C:\laragon\www\hmts-wp/wp-content/uploads/2021/03/event-1.jpg 
[2022-03-13 07:08:51 : INFO] - Could not find file for image: ID=419, file=C:\laragon\www\hmts-wp/wp-content/uploads/2021/03/gallery-6.jpg 
[2022-03-13 07:08:51 : INFO] - Could not find file for image: ID=418, file=C:\laragon\www\hmts-wp/wp-content/uploads/2021/03/gallery-5.jpg 
[2022-03-13 07:08:51 : INFO] - Could not find file for image: ID=417, file=C:\laragon\www\hmts-wp/wp-content/uploads/2021/03/gallery-4.jpg 
[2022-03-13 07:08:51 : INFO] - Could not find file for image: ID=416, file=C:\laragon\www\hmts-wp/wp-content/uploads/2021/03/gallery-3.jpg 
[2022-03-13 07:08:51 : INFO] - Could not find file for image: ID=415, file=C:\laragon\www\hmts-wp/wp-content/uploads/2021/03/gallery-2.jpg 
[2022-03-13 07:08:51 : INFO] - Could not find file for image: ID=414, file=C:\laragon\www\hmts-wp/wp-content/uploads/2021/03/gallery-1.jpg 
[2022-03-13 08:19:21 : INFO] - Could not find file for image: ID=16, file=C:\laragon\www\hmts-wp/wp-content/uploads/woocommerce-placeholder.png 
[2022-03-13 08:19:21 : INFO] - Could not find file for image: ID=1181, file=C:\laragon\www\hmts-wp/wp-content/uploads/2021/07/image-13.jpg 
[2022-03-13 08:19:21 : INFO] - Could not find file for image: ID=1180, file=C:\laragon\www\hmts-wp/wp-content/uploads/2021/07/image-14.jpg 
[2022-03-13 08:19:21 : INFO] - Could not find file for image: ID=1179, file=C:\laragon\www\hmts-wp/wp-content/uploads/2021/07/image-11.jpg 
[2022-03-13 08:19:21 : INFO] - Could not find file for image: ID=1178, file=C:\laragon\www\hmts-wp/wp-content/uploads/2021/07/image-12.jpg 
[2022-03-13 08:19:21 : INFO] - Could not find file for image: ID=1166, file=C:\laragon\www\hmts-wp/wp-content/uploads/2021/07/bg-5.jpg 
[2022-03-13 08:19:21 : INFO] - Could not find file for image: ID=976, file=C:\laragon\www\hmts-wp/wp-content/uploads/2021/06/image-9.jpg 
[2022-03-13 08:19:21 : INFO] - Could not find file for image: ID=975, file=C:\laragon\www\hmts-wp/wp-content/uploads/2021/06/image-10.jpg 
[2022-03-13 08:19:21 : INFO] - Could not find file for image: ID=972, file=C:\laragon\www\hmts-wp/wp-content/uploads/2021/06/image-8.jpg 
[2022-03-13 08:19:21 : INFO] - Could not find file for image: ID=932, file=C:\laragon\www\hmts-wp/wp-content/uploads/2021/06/image-7.jpg 
[2022-03-13 08:19:21 : INFO] - Could not find file for image: ID=931, file=C:\laragon\www\hmts-wp/wp-content/uploads/2021/06/image-6.jpg 
[2022-03-13 08:19:21 : INFO] - Could not find file for image: ID=922, file=C:\laragon\www\hmts-wp/wp-content/uploads/2021/06/video-1.jpg 
[2022-03-13 08:19:21 : INFO] - Could not find file for image: ID=920, file=C:\laragon\www\hmts-wp/wp-content/uploads/2021/06/image-5.jpg 
[2022-03-13 08:19:21 : INFO] - Could not find file for image: ID=919, file=C:\laragon\www\hmts-wp/wp-content/uploads/2021/06/image-4.jpg 
[2022-03-13 08:19:21 : INFO] - Could not find file for image: ID=914, file=C:\laragon\www\hmts-wp/wp-content/uploads/2021/06/image-3.jpg 
[2022-03-13 08:19:21 : INFO] - Could not find file for image: ID=907, file=C:\laragon\www\hmts-wp/wp-content/uploads/2021/06/cat-4.jpg 
[2022-03-13 08:19:21 : INFO] - Could not find file for image: ID=906, file=C:\laragon\www\hmts-wp/wp-content/uploads/2021/06/cat-5.jpg 
[2022-03-13 08:19:21 : INFO] - Could not find file for image: ID=905, file=C:\laragon\www\hmts-wp/wp-content/uploads/2021/06/cat-2.jpg 
[2022-03-13 08:19:21 : INFO] - Could not find file for image: ID=904, file=C:\laragon\www\hmts-wp/wp-content/uploads/2021/06/cat-1.jpg 
[2022-03-13 08:19:21 : INFO] - Could not find file for image: ID=903, file=C:\laragon\www\hmts-wp/wp-content/uploads/2021/06/cat-3.jpg 
[2022-03-13 08:19:21 : INFO] - Could not find file for image: ID=901, file=C:\laragon\www\hmts-wp/wp-content/uploads/2021/06/image-2.jpg 
[2022-03-13 08:19:21 : INFO] - Could not find file for image: ID=900, file=C:\laragon\www\hmts-wp/wp-content/uploads/2021/06/image-1.jpg 
[2022-03-13 08:19:21 : INFO] - Could not find file for image: ID=892, file=C:\laragon\www\hmts-wp/wp-content/uploads/2021/06/course-1.jpg 
[2022-03-13 08:19:21 : INFO] - Could not find file for image: ID=891, file=C:\laragon\www\hmts-wp/wp-content/uploads/2021/06/course-9.jpg 
[2022-03-13 08:19:21 : INFO] - Could not find file for image: ID=890, file=C:\laragon\www\hmts-wp/wp-content/uploads/2021/06/course-8.jpg 
[2022-03-13 08:19:21 : INFO] - Could not find file for image: ID=889, file=C:\laragon\www\hmts-wp/wp-content/uploads/2021/06/course-7.jpg 
[2022-03-13 08:19:21 : INFO] - Could not find file for image: ID=888, file=C:\laragon\www\hmts-wp/wp-content/uploads/2021/06/course-6.jpg 
[2022-03-13 08:19:21 : INFO] - Could not find file for image: ID=887, file=C:\laragon\www\hmts-wp/wp-content/uploads/2021/06/course-5.jpg 
[2022-03-13 08:19:21 : INFO] - Could not find file for image: ID=886, file=C:\laragon\www\hmts-wp/wp-content/uploads/2021/06/course-4.jpg 
[2022-03-13 08:19:21 : INFO] - Could not find file for image: ID=885, file=C:\laragon\www\hmts-wp/wp-content/uploads/2021/06/course-3.jpg 
[2022-03-13 08:19:21 : INFO] - Could not find file for image: ID=884, file=C:\laragon\www\hmts-wp/wp-content/uploads/2021/06/course-2.jpg 
[2022-03-13 08:19:21 : INFO] - Could not find file for image: ID=832, file=C:\laragon\www\hmts-wp/wp-content/uploads/2021/05/awards-3.jpg 
[2022-03-13 08:19:21 : INFO] - Could not find file for image: ID=831, file=C:\laragon\www\hmts-wp/wp-content/uploads/2021/05/awards-2.jpg 
[2022-03-13 08:19:21 : INFO] - Could not find file for image: ID=830, file=C:\laragon\www\hmts-wp/wp-content/uploads/2021/05/awards-1.jpg 
[2022-03-13 08:19:21 : INFO] - Could not find file for image: ID=829, file=C:\laragon\www\hmts-wp/wp-content/uploads/2021/05/awards-4.jpg 
[2022-03-13 08:19:21 : INFO] - Could not find file for image: ID=826, file=C:\laragon\www\hmts-wp/wp-content/uploads/2021/05/partner-4.jpg 
[2022-03-13 08:19:21 : INFO] - Could not find file for image: ID=825, file=C:\laragon\www\hmts-wp/wp-content/uploads/2021/05/partner-2.jpg 
[2022-03-13 08:19:21 : INFO] - Could not find file for image: ID=824, file=C:\laragon\www\hmts-wp/wp-content/uploads/2021/05/partner-1.jpg 
[2022-03-13 08:19:21 : INFO] - Could not find file for image: ID=823, file=C:\laragon\www\hmts-wp/wp-content/uploads/2021/05/partner-3.jpg 
[2022-03-13 08:19:21 : INFO] - Could not find file for image: ID=820, file=C:\laragon\www\hmts-wp/wp-content/uploads/2021/05/job-5.jpg 
[2022-03-13 08:19:21 : INFO] - Could not find file for image: ID=819, file=C:\laragon\www\hmts-wp/wp-content/uploads/2021/05/job-4.png 
[2022-03-13 08:19:21 : INFO] - Could not find file for image: ID=818, file=C:\laragon\www\hmts-wp/wp-content/uploads/2021/05/job-3.png 
[2022-03-13 08:19:21 : INFO] - Could not find file for image: ID=817, file=C:\laragon\www\hmts-wp/wp-content/uploads/2021/05/job-2.jpg 
[2022-03-13 08:19:21 : INFO] - Could not find file for image: ID=816, file=C:\laragon\www\hmts-wp/wp-content/uploads/2021/05/job-1.jpg 
[2022-03-13 08:19:21 : INFO] - Could not find file for image: ID=679, file=C:\laragon\www\hmts-wp/wp-content/uploads/2021/04/brand-hover-4-2.png 
[2022-03-13 08:19:21 : INFO] - Could not find file for image: ID=678, file=C:\laragon\www\hmts-wp/wp-content/uploads/2021/04/brand-hover-4-1.png 
[2022-03-13 08:19:21 : INFO] - Could not find file for image: ID=677, file=C:\laragon\www\hmts-wp/wp-content/uploads/2021/04/brand-hover-3-2.png 
[2022-03-13 08:19:21 : INFO] - Could not find file for image: ID=670, file=C:\laragon\www\hmts-wp/wp-content/uploads/2021/04/portfolio-8.jpg 
[2022-03-13 08:19:21 : INFO] - Could not find file for image: ID=669, file=C:\laragon\www\hmts-wp/wp-content/uploads/2021/04/portfolio-7.jpg 
[2022-03-13 08:19:21 : INFO] - Could not find file for image: ID=647, file=C:\laragon\www\hmts-wp/wp-content/uploads/2021/04/brand-white.png 
[2022-03-13 08:19:21 : INFO] - Could not find file for image: ID=642, file=C:\laragon\www\hmts-wp/wp-content/uploads/2021/04/portfolio-6.jpg 
[2022-03-13 08:19:21 : INFO] - Could not find file for image: ID=641, file=C:\laragon\www\hmts-wp/wp-content/uploads/2021/04/portfolio-5.jpg 
[2022-03-13 08:19:21 : INFO] - Could not find file for image: ID=640, file=C:\laragon\www\hmts-wp/wp-content/uploads/2021/04/portfolio-4.jpg 
[2022-03-13 08:19:21 : INFO] - Could not find file for image: ID=639, file=C:\laragon\www\hmts-wp/wp-content/uploads/2021/04/portfolio-3.jpg 
[2022-03-13 08:19:21 : INFO] - Could not find file for image: ID=638, file=C:\laragon\www\hmts-wp/wp-content/uploads/2021/04/portfolio-2.jpg 
[2022-03-13 08:19:21 : INFO] - Could not find file for image: ID=637, file=C:\laragon\www\hmts-wp/wp-content/uploads/2021/04/portfolio-1.jpg 
[2022-03-13 08:19:21 : INFO] - Could not find file for image: ID=529, file=C:\laragon\www\hmts-wp/wp-content/uploads/2021/03/product-2.jpg 
[2022-03-13 08:19:21 : INFO] - Could not find file for image: ID=528, file=C:\laragon\www\hmts-wp/wp-content/uploads/2021/03/product-1.jpg 
[2022-03-13 08:19:21 : INFO] - Could not find file for image: ID=527, file=C:\laragon\www\hmts-wp/wp-content/uploads/2021/03/product-9.jpg 
[2022-03-13 08:19:21 : INFO] - Could not find file for image: ID=526, file=C:\laragon\www\hmts-wp/wp-content/uploads/2021/03/product-8.jpg 
[2022-03-13 08:19:21 : INFO] - Could not find file for image: ID=525, file=C:\laragon\www\hmts-wp/wp-content/uploads/2021/03/product-7.jpg 
[2022-03-13 08:19:21 : INFO] - Could not find file for image: ID=524, file=C:\laragon\www\hmts-wp/wp-content/uploads/2021/03/product-6.jpg 
[2022-03-13 08:19:21 : INFO] - Could not find file for image: ID=523, file=C:\laragon\www\hmts-wp/wp-content/uploads/2021/03/product-5.jpg 
[2022-03-13 08:19:21 : INFO] - Could not find file for image: ID=522, file=C:\laragon\www\hmts-wp/wp-content/uploads/2021/03/product-4.jpg 
[2022-03-13 08:19:21 : INFO] - Could not find file for image: ID=521, file=C:\laragon\www\hmts-wp/wp-content/uploads/2021/03/product-3.jpg 
[2022-03-13 08:19:21 : INFO] - Could not find file for image: ID=517, file=C:\laragon\www\hmts-wp/wp-content/uploads/2021/03/event-6.jpg 
[2022-03-13 08:19:21 : INFO] - Could not find file for image: ID=516, file=C:\laragon\www\hmts-wp/wp-content/uploads/2021/03/event-5.jpg 
[2022-03-13 08:19:21 : INFO] - Could not find file for image: ID=514, file=C:\laragon\www\hmts-wp/wp-content/uploads/2021/03/brand.png 
[2022-03-13 08:19:21 : INFO] - Could not find file for image: ID=499, file=C:\laragon\www\hmts-wp/wp-content/uploads/2021/03/team-6.jpg 
[2022-03-13 08:19:21 : INFO] - Could not find file for image: ID=452, file=C:\laragon\www\hmts-wp/wp-content/uploads/2021/03/event-4.jpg 
[2022-03-13 08:19:21 : INFO] - Could not find file for image: ID=451, file=C:\laragon\www\hmts-wp/wp-content/uploads/2021/03/event-3.jpg 
[2022-03-13 08:19:21 : INFO] - Could not find file for image: ID=450, file=C:\laragon\www\hmts-wp/wp-content/uploads/2021/03/event-2.jpg 
[2022-03-13 08:19:21 : INFO] - Could not find file for image: ID=449, file=C:\laragon\www\hmts-wp/wp-content/uploads/2021/03/event-1.jpg 
[2022-03-13 08:19:21 : INFO] - Could not find file for image: ID=419, file=C:\laragon\www\hmts-wp/wp-content/uploads/2021/03/gallery-6.jpg 
[2022-03-13 08:19:21 : INFO] - Could not find file for image: ID=418, file=C:\laragon\www\hmts-wp/wp-content/uploads/2021/03/gallery-5.jpg 
[2022-03-13 08:19:21 : INFO] - Could not find file for image: ID=417, file=C:\laragon\www\hmts-wp/wp-content/uploads/2021/03/gallery-4.jpg 
[2022-03-13 08:19:21 : INFO] - Could not find file for image: ID=416, file=C:\laragon\www\hmts-wp/wp-content/uploads/2021/03/gallery-3.jpg 
[2022-03-13 08:19:21 : INFO] - Could not find file for image: ID=415, file=C:\laragon\www\hmts-wp/wp-content/uploads/2021/03/gallery-2.jpg 
[2022-03-13 08:19:21 : INFO] - Could not find file for image: ID=414, file=C:\laragon\www\hmts-wp/wp-content/uploads/2021/03/gallery-1.jpg 
[2022-03-13 08:19:28 : INFO] - Could not find file for image: ID=16, file=C:\laragon\www\hmts-wp/wp-content/uploads/woocommerce-placeholder.png 
[2022-03-13 08:19:28 : INFO] - Could not find file for image: ID=1181, file=C:\laragon\www\hmts-wp/wp-content/uploads/2021/07/image-13.jpg 
[2022-03-13 08:19:28 : INFO] - Could not find file for image: ID=1180, file=C:\laragon\www\hmts-wp/wp-content/uploads/2021/07/image-14.jpg 
[2022-03-13 08:19:28 : INFO] - Could not find file for image: ID=1179, file=C:\laragon\www\hmts-wp/wp-content/uploads/2021/07/image-11.jpg 
[2022-03-13 08:19:28 : INFO] - Could not find file for image: ID=1178, file=C:\laragon\www\hmts-wp/wp-content/uploads/2021/07/image-12.jpg 
[2022-03-13 08:19:28 : INFO] - Could not find file for image: ID=1166, file=C:\laragon\www\hmts-wp/wp-content/uploads/2021/07/bg-5.jpg 
[2022-03-13 08:19:28 : INFO] - Could not find file for image: ID=976, file=C:\laragon\www\hmts-wp/wp-content/uploads/2021/06/image-9.jpg 
[2022-03-13 08:19:28 : INFO] - Could not find file for image: ID=975, file=C:\laragon\www\hmts-wp/wp-content/uploads/2021/06/image-10.jpg 
[2022-03-13 08:19:28 : INFO] - Could not find file for image: ID=972, file=C:\laragon\www\hmts-wp/wp-content/uploads/2021/06/image-8.jpg 
[2022-03-13 08:19:28 : INFO] - Could not find file for image: ID=932, file=C:\laragon\www\hmts-wp/wp-content/uploads/2021/06/image-7.jpg 
[2022-03-13 08:19:28 : INFO] - Could not find file for image: ID=931, file=C:\laragon\www\hmts-wp/wp-content/uploads/2021/06/image-6.jpg 
[2022-03-13 08:19:28 : INFO] - Could not find file for image: ID=922, file=C:\laragon\www\hmts-wp/wp-content/uploads/2021/06/video-1.jpg 
[2022-03-13 08:19:28 : INFO] - Could not find file for image: ID=920, file=C:\laragon\www\hmts-wp/wp-content/uploads/2021/06/image-5.jpg 
[2022-03-13 08:19:28 : INFO] - Could not find file for image: ID=919, file=C:\laragon\www\hmts-wp/wp-content/uploads/2021/06/image-4.jpg 
[2022-03-13 08:19:28 : INFO] - Could not find file for image: ID=914, file=C:\laragon\www\hmts-wp/wp-content/uploads/2021/06/image-3.jpg 
[2022-03-13 08:19:28 : INFO] - Could not find file for image: ID=907, file=C:\laragon\www\hmts-wp/wp-content/uploads/2021/06/cat-4.jpg 
[2022-03-13 08:19:28 : INFO] - Could not find file for image: ID=906, file=C:\laragon\www\hmts-wp/wp-content/uploads/2021/06/cat-5.jpg 
[2022-03-13 08:19:28 : INFO] - Could not find file for image: ID=905, file=C:\laragon\www\hmts-wp/wp-content/uploads/2021/06/cat-2.jpg 
[2022-03-13 08:19:28 : INFO] - Could not find file for image: ID=904, file=C:\laragon\www\hmts-wp/wp-content/uploads/2021/06/cat-1.jpg 
[2022-03-13 08:19:28 : INFO] - Could not find file for image: ID=903, file=C:\laragon\www\hmts-wp/wp-content/uploads/2021/06/cat-3.jpg 
[2022-03-13 08:19:28 : INFO] - Could not find file for image: ID=901, file=C:\laragon\www\hmts-wp/wp-content/uploads/2021/06/image-2.jpg 
[2022-03-13 08:19:28 : INFO] - Could not find file for image: ID=900, file=C:\laragon\www\hmts-wp/wp-content/uploads/2021/06/image-1.jpg 
[2022-03-13 08:19:28 : INFO] - Could not find file for image: ID=892, file=C:\laragon\www\hmts-wp/wp-content/uploads/2021/06/course-1.jpg 
[2022-03-13 08:19:28 : INFO] - Could not find file for image: ID=891, file=C:\laragon\www\hmts-wp/wp-content/uploads/2021/06/course-9.jpg 
[2022-03-13 08:19:28 : INFO] - Could not find file for image: ID=890, file=C:\laragon\www\hmts-wp/wp-content/uploads/2021/06/course-8.jpg 
[2022-03-13 08:19:28 : INFO] - Could not find file for image: ID=889, file=C:\laragon\www\hmts-wp/wp-content/uploads/2021/06/course-7.jpg 
[2022-03-13 08:19:28 : INFO] - Could not find file for image: ID=888, file=C:\laragon\www\hmts-wp/wp-content/uploads/2021/06/course-6.jpg 
[2022-03-13 08:19:28 : INFO] - Could not find file for image: ID=887, file=C:\laragon\www\hmts-wp/wp-content/uploads/2021/06/course-5.jpg 
[2022-03-13 08:19:28 : INFO] - Could not find file for image: ID=886, file=C:\laragon\www\hmts-wp/wp-content/uploads/2021/06/course-4.jpg 
[2022-03-13 08:19:28 : INFO] - Could not find file for image: ID=885, file=C:\laragon\www\hmts-wp/wp-content/uploads/2021/06/course-3.jpg 
[2022-03-13 08:19:28 : INFO] - Could not find file for image: ID=884, file=C:\laragon\www\hmts-wp/wp-content/uploads/2021/06/course-2.jpg 
[2022-03-13 08:19:28 : INFO] - Could not find file for image: ID=832, file=C:\laragon\www\hmts-wp/wp-content/uploads/2021/05/awards-3.jpg 
[2022-03-13 08:19:28 : INFO] - Could not find file for image: ID=831, file=C:\laragon\www\hmts-wp/wp-content/uploads/2021/05/awards-2.jpg 
[2022-03-13 08:19:28 : INFO] - Could not find file for image: ID=830, file=C:\laragon\www\hmts-wp/wp-content/uploads/2021/05/awards-1.jpg 
[2022-03-13 08:19:28 : INFO] - Could not find file for image: ID=829, file=C:\laragon\www\hmts-wp/wp-content/uploads/2021/05/awards-4.jpg 
[2022-03-13 08:19:28 : INFO] - Could not find file for image: ID=826, file=C:\laragon\www\hmts-wp/wp-content/uploads/2021/05/partner-4.jpg 
[2022-03-13 08:19:28 : INFO] - Could not find file for image: ID=825, file=C:\laragon\www\hmts-wp/wp-content/uploads/2021/05/partner-2.jpg 
[2022-03-13 08:19:28 : INFO] - Could not find file for image: ID=824, file=C:\laragon\www\hmts-wp/wp-content/uploads/2021/05/partner-1.jpg 
[2022-03-13 08:19:28 : INFO] - Could not find file for image: ID=823, file=C:\laragon\www\hmts-wp/wp-content/uploads/2021/05/partner-3.jpg 
[2022-03-13 08:19:28 : INFO] - Could not find file for image: ID=820, file=C:\laragon\www\hmts-wp/wp-content/uploads/2021/05/job-5.jpg 
[2022-03-13 08:19:28 : INFO] - Could not find file for image: ID=819, file=C:\laragon\www\hmts-wp/wp-content/uploads/2021/05/job-4.png 
[2022-03-13 08:19:28 : INFO] - Could not find file for image: ID=818, file=C:\laragon\www\hmts-wp/wp-content/uploads/2021/05/job-3.png 
[2022-03-13 08:19:28 : INFO] - Could not find file for image: ID=817, file=C:\laragon\www\hmts-wp/wp-content/uploads/2021/05/job-2.jpg 
[2022-03-13 08:19:28 : INFO] - Could not find file for image: ID=816, file=C:\laragon\www\hmts-wp/wp-content/uploads/2021/05/job-1.jpg 
[2022-03-13 08:19:28 : INFO] - Could not find file for image: ID=679, file=C:\laragon\www\hmts-wp/wp-content/uploads/2021/04/brand-hover-4-2.png 
[2022-03-13 08:19:28 : INFO] - Could not find file for image: ID=678, file=C:\laragon\www\hmts-wp/wp-content/uploads/2021/04/brand-hover-4-1.png 
[2022-03-13 08:19:28 : INFO] - Could not find file for image: ID=677, file=C:\laragon\www\hmts-wp/wp-content/uploads/2021/04/brand-hover-3-2.png 
[2022-03-13 08:19:28 : INFO] - Could not find file for image: ID=670, file=C:\laragon\www\hmts-wp/wp-content/uploads/2021/04/portfolio-8.jpg 
[2022-03-13 08:19:28 : INFO] - Could not find file for image: ID=669, file=C:\laragon\www\hmts-wp/wp-content/uploads/2021/04/portfolio-7.jpg 
[2022-03-13 08:19:28 : INFO] - Could not find file for image: ID=647, file=C:\laragon\www\hmts-wp/wp-content/uploads/2021/04/brand-white.png 
[2022-03-13 08:19:28 : INFO] - Could not find file for image: ID=642, file=C:\laragon\www\hmts-wp/wp-content/uploads/2021/04/portfolio-6.jpg 
[2022-03-13 08:19:28 : INFO] - Could not find file for image: ID=641, file=C:\laragon\www\hmts-wp/wp-content/uploads/2021/04/portfolio-5.jpg 
[2022-03-13 08:19:28 : INFO] - Could not find file for image: ID=640, file=C:\laragon\www\hmts-wp/wp-content/uploads/2021/04/portfolio-4.jpg 
[2022-03-13 08:19:28 : INFO] - Could not find file for image: ID=639, file=C:\laragon\www\hmts-wp/wp-content/uploads/2021/04/portfolio-3.jpg 
[2022-03-13 08:19:28 : INFO] - Could not find file for image: ID=638, file=C:\laragon\www\hmts-wp/wp-content/uploads/2021/04/portfolio-2.jpg 
[2022-03-13 08:19:28 : INFO] - Could not find file for image: ID=637, file=C:\laragon\www\hmts-wp/wp-content/uploads/2021/04/portfolio-1.jpg 
[2022-03-13 08:19:28 : INFO] - Could not find file for image: ID=529, file=C:\laragon\www\hmts-wp/wp-content/uploads/2021/03/product-2.jpg 
[2022-03-13 08:19:28 : INFO] - Could not find file for image: ID=528, file=C:\laragon\www\hmts-wp/wp-content/uploads/2021/03/product-1.jpg 
[2022-03-13 08:19:28 : INFO] - Could not find file for image: ID=527, file=C:\laragon\www\hmts-wp/wp-content/uploads/2021/03/product-9.jpg 
[2022-03-13 08:19:28 : INFO] - Could not find file for image: ID=526, file=C:\laragon\www\hmts-wp/wp-content/uploads/2021/03/product-8.jpg 
[2022-03-13 08:19:28 : INFO] - Could not find file for image: ID=525, file=C:\laragon\www\hmts-wp/wp-content/uploads/2021/03/product-7.jpg 
[2022-03-13 08:19:28 : INFO] - Could not find file for image: ID=524, file=C:\laragon\www\hmts-wp/wp-content/uploads/2021/03/product-6.jpg 
[2022-03-13 08:19:28 : INFO] - Could not find file for image: ID=523, file=C:\laragon\www\hmts-wp/wp-content/uploads/2021/03/product-5.jpg 
[2022-03-13 08:19:28 : INFO] - Could not find file for image: ID=522, file=C:\laragon\www\hmts-wp/wp-content/uploads/2021/03/product-4.jpg 
[2022-03-13 08:19:28 : INFO] - Could not find file for image: ID=521, file=C:\laragon\www\hmts-wp/wp-content/uploads/2021/03/product-3.jpg 
[2022-03-13 08:19:28 : INFO] - Could not find file for image: ID=517, file=C:\laragon\www\hmts-wp/wp-content/uploads/2021/03/event-6.jpg 
[2022-03-13 08:19:28 : INFO] - Could not find file for image: ID=516, file=C:\laragon\www\hmts-wp/wp-content/uploads/2021/03/event-5.jpg 
[2022-03-13 08:19:28 : INFO] - Could not find file for image: ID=514, file=C:\laragon\www\hmts-wp/wp-content/uploads/2021/03/brand.png 
[2022-03-13 08:19:28 : INFO] - Could not find file for image: ID=499, file=C:\laragon\www\hmts-wp/wp-content/uploads/2021/03/team-6.jpg 
[2022-03-13 08:19:28 : INFO] - Could not find file for image: ID=452, file=C:\laragon\www\hmts-wp/wp-content/uploads/2021/03/event-4.jpg 
[2022-03-13 08:19:28 : INFO] - Could not find file for image: ID=451, file=C:\laragon\www\hmts-wp/wp-content/uploads/2021/03/event-3.jpg 
[2022-03-13 08:19:28 : INFO] - Could not find file for image: ID=450, file=C:\laragon\www\hmts-wp/wp-content/uploads/2021/03/event-2.jpg 
[2022-03-13 08:19:28 : INFO] - Could not find file for image: ID=449, file=C:\laragon\www\hmts-wp/wp-content/uploads/2021/03/event-1.jpg 
[2022-03-13 08:19:28 : INFO] - Could not find file for image: ID=419, file=C:\laragon\www\hmts-wp/wp-content/uploads/2021/03/gallery-6.jpg 
[2022-03-13 08:19:28 : INFO] - Could not find file for image: ID=418, file=C:\laragon\www\hmts-wp/wp-content/uploads/2021/03/gallery-5.jpg 
[2022-03-13 08:19:28 : INFO] - Could not find file for image: ID=417, file=C:\laragon\www\hmts-wp/wp-content/uploads/2021/03/gallery-4.jpg 
[2022-03-13 08:19:28 : INFO] - Could not find file for image: ID=416, file=C:\laragon\www\hmts-wp/wp-content/uploads/2021/03/gallery-3.jpg 
[2022-03-13 08:19:28 : INFO] - Could not find file for image: ID=415, file=C:\laragon\www\hmts-wp/wp-content/uploads/2021/03/gallery-2.jpg 
[2022-03-13 08:19:28 : INFO] - Could not find file for image: ID=414, file=C:\laragon\www\hmts-wp/wp-content/uploads/2021/03/gallery-1.jpg 
